<?xml version="1.0" encoding="UTF-8"?>
<!-- Generated by org.testng.reporters.JUnitXMLReporter -->
<testsuite ignored="2" hostname="DESKTOP-T1OTQ1E" failures="0" tests="1" name="Default test" time="41.186" errors="0" timestamp="2022-08-24T23:17:13 IST">
  <testcase classname="com.qa.testng.Groupbrower" name="starting_point" time="40.999"/>
  <testcase classname="com.qa.testng.Groupbrower" name="click_element" time="0.0">
    <ignored/>
  </testcase> <!-- click_element -->
  <testcase classname="com.qa.testng.Groupbrower" name="checkTitle" time="0.0">
    <ignored/>
  </testcase> <!-- checkTitle -->
</testsuite> <!-- Default test -->
