<?xml version="1.0" encoding="UTF-8"?>
<testng-results ignored="2" total="3" passed="1" failed="0" skipped="0">
  <reporter-output>
  </reporter-output>
  <suite started-at="2022-08-24T23:16:32 IST" name="Default suite" finished-at="2022-08-24T23:17:13 IST" duration-ms="41186">
    <groups>
    </groups>
    <test started-at="2022-08-24T23:16:32 IST" name="Default test" finished-at="2022-08-24T23:17:13 IST" duration-ms="41186">
      <class name="com.qa.testng.Groupbrower">
        <test-method signature="starting_point()[pri:0, instance:com.qa.testng.Groupbrower@73e22a3d]" started-at="2022-08-24T23:16:32 IST" name="starting_point" finished-at="2022-08-24T23:17:13 IST" duration-ms="40999" status="PASS">
          <reporter-output>
          </reporter-output>
        </test-method> <!-- starting_point -->
      </class> <!-- com.qa.testng.Groupbrower -->
    </test> <!-- Default test -->
  </suite> <!-- Default suite -->
</testng-results>
